The target system is: Android - 15 - i686
The host system is: Darwin - 16.4.0 - x86_64
Determining if the C compiler works passed with the following output:
Change Dir: /Users/hua/AndroidProjects/github/ArtOfAndroid/app/.externalNativeBuild/cmake/debug/x86/CMakeFiles/CMakeTmp

Run Build Command:"/Users/hua/Library/Android/sdk/cmake/3.6.3155560/bin/ninja" "cmTC_db121"
[1/2] Building C object CMakeFiles/cmTC_db121.dir/testCCompiler.c.o
[2/2] Linking C executable cmTC_db121


Detecting C compiler ABI info compiled with the following output:
Change Dir: /Users/hua/AndroidProjects/github/ArtOfAndroid/app/.externalNativeBuild/cmake/debug/x86/CMakeFiles/CMakeTmp

Run Build Command:"/Users/hua/Library/Android/sdk/cmake/3.6.3155560/bin/ninja" "cmTC_4a6ce"
[1/2] Building C object CMakeFiles/cmTC_4a6ce.dir/CMakeCCompilerABI.c.o
[2/2] Linking C executable cmTC_4a6ce
Android clang version 3.8.275480  (based on LLVM 3.8.275480)
Target: i686-none-linux-android
Thread model: posix
InstalledDir: /Users/hua/Library/Android/sdk/ndk-bundle/toolchains/llvm/prebuilt/darwin-x86_64/bin
Found candidate GCC installation: /Users/hua/Library/Android/sdk/ndk-bundle/toolchains/x86-4.9/prebuilt/darwin-x86_64/lib/gcc/i686-linux-android/4.9.x
Selected GCC installation: /Users/hua/Library/Android/sdk/ndk-bundle/toolchains/x86-4.9/prebuilt/darwin-x86_64/lib/gcc/i686-linux-android/4.9.x
Candidate multilib: .;@m32
Selected multilib: .;@m32
 "/Users/hua/Library/Android/sdk/ndk-bundle/toolchains/x86-4.9/prebuilt/darwin-x86_64/lib/gcc/i686-linux-android/4.9.x/../../../../i686-linux-android/bin/ld" --sysroot=/Users/hua/Library/Android/sdk/ndk-bundle/platforms/android-15/arch-x86 --eh-frame-hdr -m elf_i386 -dynamic-linker /system/bin/linker -o cmTC_4a6ce /Users/hua/Library/Android/sdk/ndk-bundle/platforms/android-15/arch-x86/usr/lib/crtbegin_dynamic.o -L/Users/hua/Library/Android/sdk/ndk-bundle/toolchains/x86-4.9/prebuilt/darwin-x86_64/lib/gcc/i686-linux-android/4.9.x -L/Users/hua/Library/Android/sdk/ndk-bundle/toolchains/x86-4.9/prebuilt/darwin-x86_64/lib/gcc/i686-linux-android/4.9.x/../../../../i686-linux-android/lib -L/Users/hua/Library/Android/sdk/ndk-bundle/platforms/android-15/arch-x86/usr/lib --build-id --warn-shared-textrel --fatal-warnings --no-undefined -z noexecstack -z relro -z now --gc-sections -z nocopyreloc --build-id --warn-shared-textrel --fatal-warnings --no-undefined -z noexecstack -z relro -z now --gc-sections -z nocopyreloc CMakeFiles/cmTC_4a6ce.dir/CMakeCCompilerABI.c.o -lgcc -ldl -lc -lgcc -ldl /Users/hua/Library/Android/sdk/ndk-bundle/platforms/android-15/arch-x86/usr/lib/crtend_android.o


Parsed C implicit link information from above output:
  link line regex: [^( *|.*[/\])(i686-linux-android-ld|([^/\]+-)?ld|collect2)[^/\]*( |$)]
  ignore line: [Change Dir: /Users/hua/AndroidProjects/github/ArtOfAndroid/app/.externalNativeBuild/cmake/debug/x86/CMakeFiles/CMakeTmp]
  ignore line: []
  ignore line: [Run Build Command:"/Users/hua/Library/Android/sdk/cmake/3.6.3155560/bin/ninja" "cmTC_4a6ce"]
  ignore line: [[1/2] Building C object CMakeFiles/cmTC_4a6ce.dir/CMakeCCompilerABI.c.o]
  ignore line: [[2/2] Linking C executable cmTC_4a6ce]
  ignore line: [Android clang version 3.8.275480  (based on LLVM 3.8.275480)]
  ignore line: [Target: i686-none-linux-android]
  ignore line: [Thread model: posix]
  ignore line: [InstalledDir: /Users/hua/Library/Android/sdk/ndk-bundle/toolchains/llvm/prebuilt/darwin-x86_64/bin]
  ignore line: [Found candidate GCC installation: /Users/hua/Library/Android/sdk/ndk-bundle/toolchains/x86-4.9/prebuilt/darwin-x86_64/lib/gcc/i686-linux-android/4.9.x]
  ignore line: [Selected GCC installation: /Users/hua/Library/Android/sdk/ndk-bundle/toolchains/x86-4.9/prebuilt/darwin-x86_64/lib/gcc/i686-linux-android/4.9.x]
  ignore line: [Candidate multilib: .]
  ignore line: [@m32]
  ignore line: [Selected multilib: .]
  ignore line: [@m32]
  link line: [ "/Users/hua/Library/Android/sdk/ndk-bundle/toolchains/x86-4.9/prebuilt/darwin-x86_64/lib/gcc/i686-linux-android/4.9.x/../../../../i686-linux-android/bin/ld" --sysroot=/Users/hua/Library/Android/sdk/ndk-bundle/platforms/android-15/arch-x86 --eh-frame-hdr -m elf_i386 -dynamic-linker /system/bin/linker -o cmTC_4a6ce /Users/hua/Library/Android/sdk/ndk-bundle/platforms/android-15/arch-x86/usr/lib/crtbegin_dynamic.o -L/Users/hua/Library/Android/sdk/ndk-bundle/toolchains/x86-4.9/prebuilt/darwin-x86_64/lib/gcc/i686-linux-android/4.9.x -L/Users/hua/Library/Android/sdk/ndk-bundle/toolchains/x86-4.9/prebuilt/darwin-x86_64/lib/gcc/i686-linux-android/4.9.x/../../../../i686-linux-android/lib -L/Users/hua/Library/Android/sdk/ndk-bundle/platforms/android-15/arch-x86/usr/lib --build-id --warn-shared-textrel --fatal-warnings --no-undefined -z noexecstack -z relro -z now --gc-sections -z nocopyreloc --build-id --warn-shared-textrel --fatal-warnings --no-undefined -z noexecstack -z relro -z now --gc-sections -z nocopyreloc CMakeFiles/cmTC_4a6ce.dir/CMakeCCompilerABI.c.o -lgcc -ldl -lc -lgcc -ldl /Users/hua/Library/Android/sdk/ndk-bundle/platforms/android-15/arch-x86/usr/lib/crtend_android.o]
    arg [/Users/hua/Library/Android/sdk/ndk-bundle/toolchains/x86-4.9/prebuilt/darwin-x86_64/lib/gcc/i686-linux-android/4.9.x/../../../../i686-linux-android/bin/ld] ==> ignore
    arg [--sysroot=/Users/hua/Library/Android/sdk/ndk-bundle/platforms/android-15/arch-x86] ==> ignore
    arg [--eh-frame-hdr] ==> ignore
    arg [-m] ==> ignore
    arg [elf_i386] ==> ignore
    arg [-dynamic-linker] ==> ignore
    arg [/system/bin/linker] ==> ignore
    arg [-o] ==> ignore
    arg [cmTC_4a6ce] ==> ignore
    arg [/Users/hua/Library/Android/sdk/ndk-bundle/platforms/android-15/arch-x86/usr/lib/crtbegin_dynamic.o] ==> ignore
    arg [-L/Users/hua/Library/Android/sdk/ndk-bundle/toolchains/x86-4.9/prebuilt/darwin-x86_64/lib/gcc/i686-linux-android/4.9.x] ==> dir [/Users/hua/Library/Android/sdk/ndk-bundle/toolchains/x86-4.9/prebuilt/darwin-x86_64/lib/gcc/i686-linux-android/4.9.x]
    arg [-L/Users/hua/Library/Android/sdk/ndk-bundle/toolchains/x86-4.9/prebuilt/darwin-x86_64/lib/gcc/i686-linux-android/4.9.x/../../../../i686-linux-android/lib] ==> dir [/Users/hua/Library/Android/sdk/ndk-bundle/toolchains/x86-4.9/prebuilt/darwin-x86_64/lib/gcc/i686-linux-android/4.9.x/../../../../i686-linux-android/lib]
    arg [-L/Users/hua/Library/Android/sdk/ndk-bundle/platforms/android-15/arch-x86/usr/lib] ==> dir [/Users/hua/Library/Android/sdk/ndk-bundle/platforms/android-15/arch-x86/usr/lib]
    arg [--build-id] ==> ignore
    arg [--warn-shared-textrel] ==> ignore
    arg [--fatal-warnings] ==> ignore
    arg [--no-undefined] ==> ignore
    arg [-znoexecstack] ==> ignore
    arg [-zrelro] ==> ignore
    arg [-znow] ==> ignore
    arg [--gc-sections] ==> ignore
    arg [-znocopyreloc] ==> ignore
    arg [--build-id] ==> ignore
    arg [--warn-shared-textrel] ==> ignore
    arg [--fatal-warnings] ==> ignore
    arg [--no-undefined] ==> ignore
    arg [-znoexecstack] ==> ignore
    arg [-zrelro] ==> ignore
    arg [-znow] ==> ignore
    arg [--gc-sections] ==> ignore
    arg [-znocopyreloc] ==> ignore
    arg [CMakeFiles/cmTC_4a6ce.dir/CMakeCCompilerABI.c.o] ==> ignore
    arg [-lgcc] ==> lib [gcc]
    arg [-ldl] ==> lib [dl]
    arg [-lc] ==> lib [c]
    arg [-lgcc] ==> lib [gcc]
    arg [-ldl] ==> lib [dl]
    arg [/Users/hua/Library/Android/sdk/ndk-bundle/platforms/android-15/arch-x86/usr/lib/crtend_android.o] ==> ignore
  remove lib [gcc]
  remove lib [gcc]
  collapse library dir [/Users/hua/Library/Android/sdk/ndk-bundle/toolchains/x86-4.9/prebuilt/darwin-x86_64/lib/gcc/i686-linux-android/4.9.x] ==> [/Users/hua/Library/Android/sdk/ndk-bundle/toolchains/x86-4.9/prebuilt/darwin-x86_64/lib/gcc/i686-linux-android/4.9.x]
  collapse library dir [/Users/hua/Library/Android/sdk/ndk-bundle/toolchains/x86-4.9/prebuilt/darwin-x86_64/lib/gcc/i686-linux-android/4.9.x/../../../../i686-linux-android/lib] ==> [/Users/hua/Library/Android/sdk/ndk-bundle/toolchains/x86-4.9/prebuilt/darwin-x86_64/i686-linux-android/lib]
  collapse library dir [/Users/hua/Library/Android/sdk/ndk-bundle/platforms/android-15/arch-x86/usr/lib] ==> [/Users/hua/Library/Android/sdk/ndk-bundle/platforms/android-15/arch-x86/usr/lib]
  implicit libs: [dl;c;dl]
  implicit dirs: [/Users/hua/Library/Android/sdk/ndk-bundle/toolchains/x86-4.9/prebuilt/darwin-x86_64/lib/gcc/i686-linux-android/4.9.x;/Users/hua/Library/Android/sdk/ndk-bundle/toolchains/x86-4.9/prebuilt/darwin-x86_64/i686-linux-android/lib;/Users/hua/Library/Android/sdk/ndk-bundle/platforms/android-15/arch-x86/usr/lib]
  implicit fwks: []


Determining if the CXX compiler works passed with the following output:
Change Dir: /Users/hua/AndroidProjects/github/ArtOfAndroid/app/.externalNativeBuild/cmake/debug/x86/CMakeFiles/CMakeTmp

Run Build Command:"/Users/hua/Library/Android/sdk/cmake/3.6.3155560/bin/ninja" "cmTC_4011d"
[1/2] Building CXX object CMakeFiles/cmTC_4011d.dir/testCXXCompiler.cxx.o
[2/2] Linking CXX executable cmTC_4011d


Detecting CXX compiler ABI info compiled with the following output:
Change Dir: /Users/hua/AndroidProjects/github/ArtOfAndroid/app/.externalNativeBuild/cmake/debug/x86/CMakeFiles/CMakeTmp

Run Build Command:"/Users/hua/Library/Android/sdk/cmake/3.6.3155560/bin/ninja" "cmTC_ff886"
[1/2] Building CXX object CMakeFiles/cmTC_ff886.dir/CMakeCXXCompilerABI.cpp.o
[2/2] Linking CXX executable cmTC_ff886
Android clang version 3.8.275480  (based on LLVM 3.8.275480)
Target: i686-none-linux-android
Thread model: posix
InstalledDir: /Users/hua/Library/Android/sdk/ndk-bundle/toolchains/llvm/prebuilt/darwin-x86_64/bin
Found candidate GCC installation: /Users/hua/Library/Android/sdk/ndk-bundle/toolchains/x86-4.9/prebuilt/darwin-x86_64/lib/gcc/i686-linux-android/4.9.x
Selected GCC installation: /Users/hua/Library/Android/sdk/ndk-bundle/toolchains/x86-4.9/prebuilt/darwin-x86_64/lib/gcc/i686-linux-android/4.9.x
Candidate multilib: .;@m32
Selected multilib: .;@m32
 "/Users/hua/Library/Android/sdk/ndk-bundle/toolchains/x86-4.9/prebuilt/darwin-x86_64/lib/gcc/i686-linux-android/4.9.x/../../../../i686-linux-android/bin/ld" --sysroot=/Users/hua/Library/Android/sdk/ndk-bundle/platforms/android-15/arch-x86 --eh-frame-hdr -m elf_i386 -dynamic-linker /system/bin/linker -o cmTC_ff886 /Users/hua/Library/Android/sdk/ndk-bundle/platforms/android-15/arch-x86/usr/lib/crtbegin_dynamic.o -L/Users/hua/Library/Android/sdk/ndk-bundle/toolchains/x86-4.9/prebuilt/darwin-x86_64/lib/gcc/i686-linux-android/4.9.x -L/Users/hua/Library/Android/sdk/ndk-bundle/toolchains/x86-4.9/prebuilt/darwin-x86_64/lib/gcc/i686-linux-android/4.9.x/../../../../i686-linux-android/lib -L/Users/hua/Library/Android/sdk/ndk-bundle/platforms/android-15/arch-x86/usr/lib --build-id --warn-shared-textrel --fatal-warnings --no-undefined -z noexecstack -z relro -z now --gc-sections -z nocopyreloc --build-id --warn-shared-textrel --fatal-warnings --no-undefined -z noexecstack -z relro -z now --gc-sections -z nocopyreloc CMakeFiles/cmTC_ff886.dir/CMakeCXXCompilerABI.cpp.o -lstdc++ -lm -lgcc -lgcc -ldl -lc -lgcc -lgcc -ldl /Users/hua/Library/Android/sdk/ndk-bundle/platforms/android-15/arch-x86/usr/lib/crtend_android.o


Parsed CXX implicit link information from above output:
  link line regex: [^( *|.*[/\])(i686-linux-android-ld|([^/\]+-)?ld|collect2)[^/\]*( |$)]
  ignore line: [Change Dir: /Users/hua/AndroidProjects/github/ArtOfAndroid/app/.externalNativeBuild/cmake/debug/x86/CMakeFiles/CMakeTmp]
  ignore line: []
  ignore line: [Run Build Command:"/Users/hua/Library/Android/sdk/cmake/3.6.3155560/bin/ninja" "cmTC_ff886"]
  ignore line: [[1/2] Building CXX object CMakeFiles/cmTC_ff886.dir/CMakeCXXCompilerABI.cpp.o]
  ignore line: [[2/2] Linking CXX executable cmTC_ff886]
  ignore line: [Android clang version 3.8.275480  (based on LLVM 3.8.275480)]
  ignore line: [Target: i686-none-linux-android]
  ignore line: [Thread model: posix]
  ignore line: [InstalledDir: /Users/hua/Library/Android/sdk/ndk-bundle/toolchains/llvm/prebuilt/darwin-x86_64/bin]
  ignore line: [Found candidate GCC installation: /Users/hua/Library/Android/sdk/ndk-bundle/toolchains/x86-4.9/prebuilt/darwin-x86_64/lib/gcc/i686-linux-android/4.9.x]
  ignore line: [Selected GCC installation: /Users/hua/Library/Android/sdk/ndk-bundle/toolchains/x86-4.9/prebuilt/darwin-x86_64/lib/gcc/i686-linux-android/4.9.x]
  ignore line: [Candidate multilib: .]
  ignore line: [@m32]
  ignore line: [Selected multilib: .]
  ignore line: [@m32]
  link line: [ "/Users/hua/Library/Android/sdk/ndk-bundle/toolchains/x86-4.9/prebuilt/darwin-x86_64/lib/gcc/i686-linux-android/4.9.x/../../../../i686-linux-android/bin/ld" --sysroot=/Users/hua/Library/Android/sdk/ndk-bundle/platforms/android-15/arch-x86 --eh-frame-hdr -m elf_i386 -dynamic-linker /system/bin/linker -o cmTC_ff886 /Users/hua/Library/Android/sdk/ndk-bundle/platforms/android-15/arch-x86/usr/lib/crtbegin_dynamic.o -L/Users/hua/Library/Android/sdk/ndk-bundle/toolchains/x86-4.9/prebuilt/darwin-x86_64/lib/gcc/i686-linux-android/4.9.x -L/Users/hua/Library/Android/sdk/ndk-bundle/toolchains/x86-4.9/prebuilt/darwin-x86_64/lib/gcc/i686-linux-android/4.9.x/../../../../i686-linux-android/lib -L/Users/hua/Library/Android/sdk/ndk-bundle/platforms/android-15/arch-x86/usr/lib --build-id --warn-shared-textrel --fatal-warnings --no-undefined -z noexecstack -z relro -z now --gc-sections -z nocopyreloc --build-id --warn-shared-textrel --fatal-warnings --no-undefined -z noexecstack -z relro -z now --gc-sections -z nocopyreloc CMakeFiles/cmTC_ff886.dir/CMakeCXXCompilerABI.cpp.o -lstdc++ -lm -lgcc -lgcc -ldl -lc -lgcc -lgcc -ldl /Users/hua/Library/Android/sdk/ndk-bundle/platforms/android-15/arch-x86/usr/lib/crtend_android.o]
    arg [/Users/hua/Library/Android/sdk/ndk-bundle/toolchains/x86-4.9/prebuilt/darwin-x86_64/lib/gcc/i686-linux-android/4.9.x/../../../../i686-linux-android/bin/ld] ==> ignore
    arg [--sysroot=/Users/hua/Library/Android/sdk/ndk-bundle/platforms/android-15/arch-x86] ==> ignore
    arg [--eh-frame-hdr] ==> ignore
    arg [-m] ==> ignore
    arg [elf_i386] ==> ignore
    arg [-dynamic-linker] ==> ignore
    arg [/system/bin/linker] ==> ignore
    arg [-o] ==> ignore
    arg [cmTC_ff886] ==> ignore
    arg [/Users/hua/Library/Android/sdk/ndk-bundle/platforms/android-15/arch-x86/usr/lib/crtbegin_dynamic.o] ==> ignore
    arg [-L/Users/hua/Library/Android/sdk/ndk-bundle/toolchains/x86-4.9/prebuilt/darwin-x86_64/lib/gcc/i686-linux-android/4.9.x] ==> dir [/Users/hua/Library/Android/sdk/ndk-bundle/toolchains/x86-4.9/prebuilt/darwin-x86_64/lib/gcc/i686-linux-android/4.9.x]
    arg [-L/Users/hua/Library/Android/sdk/ndk-bundle/toolchains/x86-4.9/prebuilt/darwin-x86_64/lib/gcc/i686-linux-android/4.9.x/../../../../i686-linux-android/lib] ==> dir [/Users/hua/Library/Android/sdk/ndk-bundle/toolchains/x86-4.9/prebuilt/darwin-x86_64/lib/gcc/i686-linux-android/4.9.x/../../../../i686-linux-android/lib]
    arg [-L/Users/hua/Library/Android/sdk/ndk-bundle/platforms/android-15/arch-x86/usr/lib] ==> dir [/Users/hua/Library/Android/sdk/ndk-bundle/platforms/android-15/arch-x86/usr/lib]
    arg [--build-id] ==> ignore
    arg [--warn-shared-textrel] ==> ignore
    arg [--fatal-warnings] ==> ignore
    arg [--no-undefined] ==> ignore
    arg [-znoexecstack] ==> ignore
    arg [-zrelro] ==> ignore
    arg [-znow] ==> ignore
    arg [--gc-sections] ==> ignore
    arg [-znocopyreloc] ==> ignore
    arg [--build-id] ==> ignore
    arg [--warn-shared-textrel] ==> ignore
    arg [--fatal-warnings] ==> ignore
    arg [--no-undefined] ==> ignore
    arg [-znoexecstack] ==> ignore
    arg [-zrelro] ==> ignore
    arg [-znow] ==> ignore
    arg [--gc-sections] ==> ignore
    arg [-znocopyreloc] ==> ignore
    arg [CMakeFiles/cmTC_ff886.dir/CMakeCXXCompilerABI.cpp.o] ==> ignore
    arg [-lstdc++] ==> lib [stdc++]
    arg [-lm] ==> lib [m]
    arg [-lgcc] ==> lib [gcc]
    arg [-lgcc] ==> lib [gcc]
    arg [-ldl] ==> lib [dl]
    arg [-lc] ==> lib [c]
    arg [-lgcc] ==> lib [gcc]
    arg [-lgcc] ==> lib [gcc]
    arg [-ldl] ==> lib [dl]
    arg [/Users/hua/Library/Android/sdk/ndk-bundle/platforms/android-15/arch-x86/usr/lib/crtend_android.o] ==> ignore
  remove lib [gcc]
  remove lib [gcc]
  remove lib [gcc]
  remove lib [gcc]
  collapse library dir [/Users/hua/Library/Android/sdk/ndk-bundle/toolchains/x86-4.9/prebuilt/darwin-x86_64/lib/gcc/i686-linux-android/4.9.x] ==> [/Users/hua/Library/Android/sdk/ndk-bundle/toolchains/x86-4.9/prebuilt/darwin-x86_64/lib/gcc/i686-linux-android/4.9.x]
  collapse library dir [/Users/hua/Library/Android/sdk/ndk-bundle/toolchains/x86-4.9/prebuilt/darwin-x86_64/lib/gcc/i686-linux-android/4.9.x/../../../../i686-linux-android/lib] ==> [/Users/hua/Library/Android/sdk/ndk-bundle/toolchains/x86-4.9/prebuilt/darwin-x86_64/i686-linux-android/lib]
  collapse library dir [/Users/hua/Library/Android/sdk/ndk-bundle/platforms/android-15/arch-x86/usr/lib] ==> [/Users/hua/Library/Android/sdk/ndk-bundle/platforms/android-15/arch-x86/usr/lib]
  implicit libs: [stdc++;m;dl;c;dl]
  implicit dirs: [/Users/hua/Library/Android/sdk/ndk-bundle/toolchains/x86-4.9/prebuilt/darwin-x86_64/lib/gcc/i686-linux-android/4.9.x;/Users/hua/Library/Android/sdk/ndk-bundle/toolchains/x86-4.9/prebuilt/darwin-x86_64/i686-linux-android/lib;/Users/hua/Library/Android/sdk/ndk-bundle/platforms/android-15/arch-x86/usr/lib]
  implicit fwks: []


